android/app/build/intermediates/manifest_merge_blame_file/debug/manifest-merger-blame-debug-report.txt
1<?xml version="1.0" encoding="utf-8"?>
2<manifest xmlns:android="http://schemas.android.com/apk/res/android"
3    package="com.playpet.android"
4    android:versionCode="1"
5    android:versionName="1.0" >
6
7    <uses-sdk
8        android:minSdkVersion="21"
9        android:targetSdkVersion="28" />
10
11    <uses-permission android:name="android.permission.SYSTEM_ALERT_WINDOW" />
11-->src/main/AndroidManifest.xml:3:3-75
11-->src/main/AndroidManifest.xml:3:20-73
12    <uses-permission android:name="android.permission.INTERNET" />
12-->src/main/AndroidManifest.xml:2:3-64
12-->src/main/AndroidManifest.xml:2:20-62
13    <uses-permission android:name="android.permission.MANAGE_DOCUMENTS" />
13-->src/main/AndroidManifest.xml:4:3-72
13-->src/main/AndroidManifest.xml:4:20-70
14    <uses-permission android:name="android.permission.READ_INTERNAL_STORAGE" />
14-->src/main/AndroidManifest.xml:5:3-77
14-->src/main/AndroidManifest.xml:5:20-75
15    <uses-permission android:name="android.permission.READ_PHONE_STATE" />
15-->src/main/AndroidManifest.xml:6:3-72
15-->src/main/AndroidManifest.xml:6:20-70
16    <uses-permission android:name="android.permission.USE_FINGERPRINT" />
16-->src/main/AndroidManifest.xml:7:3-71
16-->src/main/AndroidManifest.xml:7:20-69
17    <uses-permission android:name="android.permission.VIBRATE" />
17-->src/main/AndroidManifest.xml:8:3-63
17-->src/main/AndroidManifest.xml:8:20-61
18    <uses-permission android:name="android.permission.MODIFY_AUDIO_SETTINGS" />
18-->src/main/AndroidManifest.xml:9:3-77
18-->src/main/AndroidManifest.xml:9:20-75
19    <uses-permission android:name="android.permission.ACCESS_COARSE_LOCATION" />
19-->src/main/AndroidManifest.xml:10:3-78
19-->src/main/AndroidManifest.xml:10:20-76
20    <uses-permission android:name="android.permission.ACCESS_FINE_LOCATION" />
20-->src/main/AndroidManifest.xml:11:3-76
20-->src/main/AndroidManifest.xml:11:20-74
21    <uses-permission android:name="android.permission.CAMERA" />
21-->src/main/AndroidManifest.xml:12:3-62
21-->src/main/AndroidManifest.xml:12:20-60
22    <uses-permission android:name="android.permission.READ_CONTACTS" />
22-->src/main/AndroidManifest.xml:13:3-69
22-->src/main/AndroidManifest.xml:13:20-67
23    <uses-permission android:name="android.permission.READ_CALENDAR" />
23-->src/main/AndroidManifest.xml:14:3-69
23-->src/main/AndroidManifest.xml:14:20-67
24    <uses-permission android:name="android.permission.WRITE_CALENDAR" />
24-->src/main/AndroidManifest.xml:15:3-70
24-->src/main/AndroidManifest.xml:15:20-68
25    <uses-permission android:name="android.permission.READ_EXTERNAL_STORAGE" />
25-->src/main/AndroidManifest.xml:16:3-77
25-->src/main/AndroidManifest.xml:16:20-75
26    <uses-permission android:name="android.permission.RECORD_AUDIO" />
26-->src/main/AndroidManifest.xml:17:3-68
26-->src/main/AndroidManifest.xml:17:20-66
27    <uses-permission android:name="android.permission.WRITE_EXTERNAL_STORAGE" />
27-->src/main/AndroidManifest.xml:18:3-78
27-->src/main/AndroidManifest.xml:18:20-76
28    <uses-permission android:name="android.permission.WRITE_SETTINGS" />
28-->src/main/AndroidManifest.xml:19:3-70
28-->src/main/AndroidManifest.xml:19:20-68
29
30    <uses-feature
30-->src/main/AndroidManifest.xml:20:3-82
31        android:name="android.hardware.camera"
31-->src/main/AndroidManifest.xml:20:17-55
32        android:required="false" />
32-->src/main/AndroidManifest.xml:20:56-80
33    <uses-feature
33-->src/main/AndroidManifest.xml:21:3-88
34        android:name="android.hardware.camera.front"
34-->src/main/AndroidManifest.xml:21:17-61
35        android:required="false" />
35-->src/main/AndroidManifest.xml:21:62-86
36
37    <uses-permission android:name="android.permission.ACCESS_WIFI_STATE" />
37-->[com.facebook.flipper:flipper:0.33.1] AndroidManifest.xml:16:5-76
37-->[com.facebook.flipper:flipper:0.33.1] AndroidManifest.xml:16:22-73
38    <uses-permission android:name="android.permission.ACCESS_NETWORK_STATE" />
38-->[:expo-updates] AndroidManifest.xml:11:5-79
38-->[:expo-updates] AndroidManifest.xml:11:22-76
39    <uses-permission android:name="android.permission.WAKE_LOCK" />
39-->[:react-native-firebase_analytics] AndroidManifest.xml:13:5-68
39-->[:react-native-firebase_analytics] AndroidManifest.xml:13:22-65
40    <uses-permission android:name="android.permission.STORAGE" />
40-->[:expo-file-system] AndroidManifest.xml:15:5-66
40-->[:expo-file-system] AndroidManifest.xml:15:22-63
41    <uses-permission android:name="android.permission.FOREGROUND_SERVICE" />
41-->[:expo-location] AndroidManifest.xml:13:5-77
41-->[:expo-location] AndroidManifest.xml:13:22-74
42    <uses-permission android:name="android.permission.RECEIVE_BOOT_COMPLETED" /> <!-- Required by older versions of Google Play services to create IID tokens -->
42-->[:expo-notifications] AndroidManifest.xml:11:5-81
42-->[:expo-notifications] AndroidManifest.xml:11:22-78
43    <uses-permission android:name="com.google.android.c2dm.permission.RECEIVE" />
43-->[com.google.firebase:firebase-iid:20.2.1] AndroidManifest.xml:26:5-82
43-->[com.google.firebase:firebase-iid:20.2.1] AndroidManifest.xml:26:22-79
44    <uses-permission android:name="com.google.android.finsky.permission.BIND_GET_INSTALL_REFERRER_SERVICE" />
44-->[com.google.android.gms:play-services-measurement:17.4.3] AndroidManifest.xml:26:5-110
44-->[com.google.android.gms:play-services-measurement:17.4.3] AndroidManifest.xml:26:22-107
45    <uses-permission android:name="com.google.android.providers.gsf.permission.READ_GSERVICES" />
45-->[io.nlopez.smartlocation:library:3.2.11] AndroidManifest.xml:15:5-98
45-->[io.nlopez.smartlocation:library:3.2.11] AndroidManifest.xml:15:22-95
46    <uses-permission android:name="com.google.android.gms.permission.ACTIVITY_RECOGNITION" /> <!-- for android -->
46-->[io.nlopez.smartlocation:library:3.2.11] AndroidManifest.xml:16:5-94
46-->[io.nlopez.smartlocation:library:3.2.11] AndroidManifest.xml:16:22-91
47    <!-- <uses-permission android:name="com.android.launcher.permission.READ_SETTINGS"/> -->
48    <!-- <uses-permission android:name="com.android.launcher.permission.WRITE_SETTINGS"/> -->
49    <!-- <uses-permission android:name="com.android.launcher.permission.INSTALL_SHORTCUT" /> -->
50    <!-- <uses-permission android:name="com.android.launcher.permission.UNINSTALL_SHORTCUT" /> -->
51    <!-- for Samsung -->
52    <uses-permission android:name="com.sec.android.provider.badge.permission.READ" />
52-->[me.leolin:ShortcutBadger:1.1.22] AndroidManifest.xml:19:5-86
52-->[me.leolin:ShortcutBadger:1.1.22] AndroidManifest.xml:19:22-83
53    <uses-permission android:name="com.sec.android.provider.badge.permission.WRITE" /> <!-- for htc -->
53-->[me.leolin:ShortcutBadger:1.1.22] AndroidManifest.xml:20:5-87
53-->[me.leolin:ShortcutBadger:1.1.22] AndroidManifest.xml:20:22-84
54    <uses-permission android:name="com.htc.launcher.permission.READ_SETTINGS" />
54-->[me.leolin:ShortcutBadger:1.1.22] AndroidManifest.xml:23:5-81
54-->[me.leolin:ShortcutBadger:1.1.22] AndroidManifest.xml:23:22-78
55    <uses-permission android:name="com.htc.launcher.permission.UPDATE_SHORTCUT" /> <!-- for sony -->
55-->[me.leolin:ShortcutBadger:1.1.22] AndroidManifest.xml:24:5-83
55-->[me.leolin:ShortcutBadger:1.1.22] AndroidManifest.xml:24:22-80
56    <uses-permission android:name="com.sonyericsson.home.permission.BROADCAST_BADGE" />
56-->[me.leolin:ShortcutBadger:1.1.22] AndroidManifest.xml:27:5-88
56-->[me.leolin:ShortcutBadger:1.1.22] AndroidManifest.xml:27:22-85
57    <uses-permission android:name="com.sonymobile.home.permission.PROVIDER_INSERT_BADGE" /> <!-- for apex -->
57-->[me.leolin:ShortcutBadger:1.1.22] AndroidManifest.xml:28:5-92
57-->[me.leolin:ShortcutBadger:1.1.22] AndroidManifest.xml:28:22-89
58    <uses-permission android:name="com.anddoes.launcher.permission.UPDATE_COUNT" /> <!-- for solid -->
58-->[me.leolin:ShortcutBadger:1.1.22] AndroidManifest.xml:31:5-84
58-->[me.leolin:ShortcutBadger:1.1.22] AndroidManifest.xml:31:22-81
59    <uses-permission android:name="com.majeur.launcher.permission.UPDATE_BADGE" /> <!-- for huawei -->
59-->[me.leolin:ShortcutBadger:1.1.22] AndroidManifest.xml:34:5-83
59-->[me.leolin:ShortcutBadger:1.1.22] AndroidManifest.xml:34:22-80
60    <uses-permission android:name="com.huawei.android.launcher.permission.CHANGE_BADGE" />
60-->[me.leolin:ShortcutBadger:1.1.22] AndroidManifest.xml:37:5-91
60-->[me.leolin:ShortcutBadger:1.1.22] AndroidManifest.xml:37:22-88
61    <uses-permission android:name="com.huawei.android.launcher.permission.READ_SETTINGS" />
61-->[me.leolin:ShortcutBadger:1.1.22] AndroidManifest.xml:38:5-92
61-->[me.leolin:ShortcutBadger:1.1.22] AndroidManifest.xml:38:22-89
62    <uses-permission android:name="com.huawei.android.launcher.permission.WRITE_SETTINGS" /> <!-- for ZUK -->
62-->[me.leolin:ShortcutBadger:1.1.22] AndroidManifest.xml:39:5-93
62-->[me.leolin:ShortcutBadger:1.1.22] AndroidManifest.xml:39:22-90
63    <uses-permission android:name="android.permission.READ_APP_BADGE" /> <!-- for OPPO -->
63-->[me.leolin:ShortcutBadger:1.1.22] AndroidManifest.xml:42:5-73
63-->[me.leolin:ShortcutBadger:1.1.22] AndroidManifest.xml:42:22-70
64    <uses-permission android:name="com.oppo.launcher.permission.READ_SETTINGS" />
64-->[me.leolin:ShortcutBadger:1.1.22] AndroidManifest.xml:45:5-82
64-->[me.leolin:ShortcutBadger:1.1.22] AndroidManifest.xml:45:22-79
65    <uses-permission android:name="com.oppo.launcher.permission.WRITE_SETTINGS" /> <!-- for EvMe -->
65-->[me.leolin:ShortcutBadger:1.1.22] AndroidManifest.xml:46:5-83
65-->[me.leolin:ShortcutBadger:1.1.22] AndroidManifest.xml:46:22-80
66    <uses-permission android:name="me.everything.badger.permission.BADGE_COUNT_READ" />
66-->[me.leolin:ShortcutBadger:1.1.22] AndroidManifest.xml:49:5-88
66-->[me.leolin:ShortcutBadger:1.1.22] AndroidManifest.xml:49:22-85
67    <uses-permission android:name="me.everything.badger.permission.BADGE_COUNT_WRITE" />
67-->[me.leolin:ShortcutBadger:1.1.22] AndroidManifest.xml:50:5-89
67-->[me.leolin:ShortcutBadger:1.1.22] AndroidManifest.xml:50:22-86
68
69    <application
69-->src/main/AndroidManifest.xml:22:3-53:17
70        android:name="com.playpet.android.MainApplication"
70-->src/main/AndroidManifest.xml:23:5-36
71        android:allowBackup="true"
71-->src/main/AndroidManifest.xml:26:5-31
72        android:appComponentFactory="androidx.core.app.CoreComponentFactory"
72-->[androidx.core:core:1.5.0-alpha01] AndroidManifest.xml:24:18-86
73        android:debuggable="true"
74        android:icon="@mipmap/ic_launcher"
74-->src/main/AndroidManifest.xml:25:7-41
75        android:label="@string/app_name"
75-->src/main/AndroidManifest.xml:24:5-37
76        android:supportsRtl="true"
76-->[:react-native-seoul_kakao-login] AndroidManifest.xml:15:9-35
77        android:testOnly="true"
78        android:theme="@style/AppTheme"
78-->src/main/AndroidManifest.xml:27:5-36
79        android:usesCleartextTraffic="true" >
79-->src/debug/AndroidManifest.xml:6:18-53
80        <meta-data
80-->src/main/AndroidManifest.xml:29:5-122
81            android:name="expo.modules.updates.EXPO_UPDATE_URL"
81-->src/main/AndroidManifest.xml:29:16-67
82            android:value="https://exp.host/@devplaypet/playpet" />
82-->src/main/AndroidManifest.xml:29:68-120
83        <meta-data
83-->src/main/AndroidManifest.xml:30:5-93
84            android:name="expo.modules.updates.EXPO_SDK_VERSION"
84-->src/main/AndroidManifest.xml:30:16-68
85            android:value="38.0.0" />
85-->src/main/AndroidManifest.xml:30:69-91
86        <meta-data
86-->src/main/AndroidManifest.xml:31:5-82
87            android:name="expo.modules.updates.ENABLED"
87-->src/main/AndroidManifest.xml:31:16-59
88            android:value="true" />
88-->src/main/AndroidManifest.xml:31:60-80
89        <meta-data
89-->src/main/AndroidManifest.xml:32:5-105
90            android:name="expo.modules.updates.EXPO_UPDATES_CHECK_ON_LAUNCH"
90-->src/main/AndroidManifest.xml:32:16-80
91            android:value="ALWAYS" />
91-->src/main/AndroidManifest.xml:32:81-103
92        <meta-data
92-->src/main/AndroidManifest.xml:33:5-99
93            android:name="expo.modules.updates.EXPO_UPDATES_LAUNCH_WAIT_MS"
93-->src/main/AndroidManifest.xml:33:16-79
94            android:value="0" />
94-->src/main/AndroidManifest.xml:33:80-97
95        <meta-data
95-->src/main/AndroidManifest.xml:34:5-101
96            android:name="expo.modules.updates.EXPO_RELEASE_CHANNEL"
96-->src/main/AndroidManifest.xml:34:16-72
97            android:value="production" />
97-->src/main/AndroidManifest.xml:34:73-99
98        <meta-data
98-->src/main/AndroidManifest.xml:35:5-136
99            android:name="expo.modules.notifications.default_notification_icon"
99-->src/main/AndroidManifest.xml:35:16-83
100            android:resource="@drawable/ic_stat_notifications" />
100-->src/main/AndroidManifest.xml:35:84-134
101        <meta-data
101-->src/main/AndroidManifest.xml:36:5-103
102            android:name="com.facebook.sdk.ApplicationId"
102-->src/main/AndroidManifest.xml:36:16-61
103            android:value="@string/facebook_app_id" /> <!-- @drawable/<insert_notification_icon_name> -->
103-->src/main/AndroidManifest.xml:36:62-101
104        <activity
104-->src/main/AndroidManifest.xml:38:5-124
105            android:name="com.theartofdev.edmodo.cropper.CropImageActivity"
105-->src/main/AndroidManifest.xml:38:15-78
106            android:theme="@style/Base.Theme.AppCompat" />
106-->src/main/AndroidManifest.xml:38:79-122
107        <activity
107-->src/main/AndroidManifest.xml:39:5-51:16
108            android:name="com.playpet.android.MainActivity"
108-->src/main/AndroidManifest.xml:40:7-35
109            android:configChanges="keyboard|keyboardHidden|orientation|screenSize|uiMode"
109-->src/main/AndroidManifest.xml:42:7-84
110            android:label="@string/app_name"
110-->src/main/AndroidManifest.xml:41:7-39
111            android:launchMode="singleTask"
111-->src/main/AndroidManifest.xml:43:7-38
112            android:theme="@style/Theme.App.SplashScreen"
112-->src/main/AndroidManifest.xml:45:7-52
113            android:windowSoftInputMode="adjustResize" >
113-->src/main/AndroidManifest.xml:44:7-49
114            <intent-filter>
114-->src/main/AndroidManifest.xml:47:7-50:23
115                <action android:name="android.intent.action.MAIN" />
115-->src/main/AndroidManifest.xml:48:9-60
115-->src/main/AndroidManifest.xml:48:17-58
116
117                <category android:name="android.intent.category.LAUNCHER" />
117-->src/main/AndroidManifest.xml:49:9-68
117-->src/main/AndroidManifest.xml:49:19-66
118            </intent-filter>
119        </activity>
120        <activity android:name="com.facebook.react.devsupport.DevSettingsActivity" />
120-->src/main/AndroidManifest.xml:52:5-81
120-->src/main/AndroidManifest.xml:52:15-79
121
122        <meta-data
122-->[:unimodules-react-native-adapter] AndroidManifest.xml:12:9-14:91
123            android:name="org.unimodules.core.AppLoader#react-native-headless"
123-->[:unimodules-react-native-adapter] AndroidManifest.xml:13:13-79
124            android:value="org.unimodules.adapters.react.apploader.RNHeadlessAppLoader" /> <!-- Disable crashlytics by default so we can custom init with CrashlyticsNdk support -->
124-->[:unimodules-react-native-adapter] AndroidManifest.xml:14:13-88
125        <meta-data
125-->[:react-native-firebase_crashlytics] AndroidManifest.xml:14:9-16:37
126            android:name="firebase_crashlytics_collection_enabled"
126-->[:react-native-firebase_crashlytics] AndroidManifest.xml:15:13-67
127            android:value="false" />
127-->[:react-native-firebase_crashlytics] AndroidManifest.xml:16:13-34
128
129        <provider
129-->[:react-native-firebase_crashlytics] AndroidManifest.xml:18:9-22:38
130            android:name="io.invertase.firebase.crashlytics.ReactNativeFirebaseCrashlyticsInitProvider"
130-->[:react-native-firebase_crashlytics] AndroidManifest.xml:19:13-104
131            android:authorities="com.playpet.android.reactnativefirebasecrashlyticsinitprovider"
131-->[:react-native-firebase_crashlytics] AndroidManifest.xml:20:13-94
132            android:exported="false"
132-->[:react-native-firebase_crashlytics] AndroidManifest.xml:21:13-37
133            android:initOrder="98" />
133-->[:react-native-firebase_crashlytics] AndroidManifest.xml:22:13-35
134
135        <service android:name="io.invertase.firebase.messaging.ReactNativeFirebaseMessagingHeadlessService" />
135-->[:react-native-firebase_messaging] AndroidManifest.xml:16:9-111
135-->[:react-native-firebase_messaging] AndroidManifest.xml:16:18-108
136        <service
136-->[:react-native-firebase_messaging] AndroidManifest.xml:17:9-23:19
137            android:name="io.invertase.firebase.messaging.ReactNativeFirebaseMessagingService"
137-->[:react-native-firebase_messaging] AndroidManifest.xml:18:13-95
138            android:exported="false" >
138-->[:react-native-firebase_messaging] AndroidManifest.xml:19:13-37
139            <intent-filter>
139-->[:react-native-firebase_messaging] AndroidManifest.xml:20:13-22:29
140                <action android:name="com.google.firebase.MESSAGING_EVENT" />
140-->[:react-native-firebase_messaging] AndroidManifest.xml:21:17-78
140-->[:react-native-firebase_messaging] AndroidManifest.xml:21:25-75
141            </intent-filter>
142        </service>
143
144        <receiver
144-->[:react-native-firebase_messaging] AndroidManifest.xml:25:9-32:20
145            android:name="io.invertase.firebase.messaging.ReactNativeFirebaseMessagingReceiver"
145-->[:react-native-firebase_messaging] AndroidManifest.xml:26:13-96
146            android:exported="true"
146-->[:react-native-firebase_messaging] AndroidManifest.xml:27:13-36
147            android:permission="com.google.android.c2dm.permission.SEND" >
147-->[:react-native-firebase_messaging] AndroidManifest.xml:28:13-73
148            <intent-filter>
148-->[:react-native-firebase_messaging] AndroidManifest.xml:29:13-31:29
149                <action android:name="com.google.android.c2dm.intent.RECEIVE" />
149-->[:react-native-firebase_messaging] AndroidManifest.xml:30:17-81
149-->[:react-native-firebase_messaging] AndroidManifest.xml:30:25-78
150            </intent-filter>
151        </receiver>
152
153        <meta-data
153-->[:react-native-firebase_messaging] AndroidManifest.xml:34:9-36:37
154            android:name="firebase_messaging_auto_init_enabled"
154-->[:react-native-firebase_messaging] AndroidManifest.xml:35:13-64
155            android:value="false" />
155-->[:react-native-firebase_messaging] AndroidManifest.xml:36:13-34
156        <meta-data
156-->[:react-native-firebase_messaging] AndroidManifest.xml:37:9-39:32
157            android:name="com.google.firebase.messaging.default_notification_channel_id"
157-->[:react-native-firebase_messaging] AndroidManifest.xml:38:13-89
158            android:value="" />
158-->[:react-native-firebase_messaging] AndroidManifest.xml:39:13-29
159        <meta-data
159-->[:react-native-firebase_messaging] AndroidManifest.xml:40:9-42:47
160            android:name="com.google.firebase.messaging.default_notification_color"
160-->[:react-native-firebase_messaging] AndroidManifest.xml:41:13-84
161            android:resource="@color/white" /> <!-- 2 -->
161-->[:react-native-firebase_messaging] AndroidManifest.xml:42:13-44
162        <!-- 3 -->
163        <meta-data
163-->[:react-native-seoul_kakao-login] AndroidManifest.xml:19:9-21:53
164            android:name="com.kakao.sdk.AppKey"
164-->[:react-native-seoul_kakao-login] AndroidManifest.xml:20:13-48
165            android:value="@string/kakao_app_key" /> <!-- 4 -->
165-->[:react-native-seoul_kakao-login] AndroidManifest.xml:21:13-50
166        <activity
166-->[:react-native-seoul_kakao-login] AndroidManifest.xml:23:9-28:20
167            android:name="com.kakao.auth.authorization.authcode.KakaoWebViewActivity"
167-->[:react-native-seoul_kakao-login] AndroidManifest.xml:24:13-86
168            android:configChanges="orientation|screenSize"
168-->[com.kakao.sdk:auth:1.27.0] AndroidManifest.xml:14:13-59
169            android:exported="false"
169-->[:react-native-seoul_kakao-login] AndroidManifest.xml:25:13-37
170            android:label="@string/com_kakao_login_button"
170-->[com.kakao.sdk:auth:1.27.0] AndroidManifest.xml:16:13-59
171            android:launchMode="singleTop"
171-->[:react-native-seoul_kakao-login] AndroidManifest.xml:26:13-43
172            android:windowSoftInputMode="adjustResize" >
172-->[:react-native-seoul_kakao-login] AndroidManifest.xml:27:13-55
173        </activity>
174
175        <provider
175-->[:expo-file-system] AndroidManifest.xml:18:9-27:20
176            android:name="expo.modules.filesystem.FileSystemFileProvider"
176-->[:expo-file-system] AndroidManifest.xml:19:13-74
177            android:authorities="com.playpet.android.FileSystemFileProvider"
177-->[:expo-file-system] AndroidManifest.xml:20:13-74
178            android:exported="false"
178-->[:expo-file-system] AndroidManifest.xml:21:13-37
179            android:grantUriPermissions="true" >
179-->[:expo-file-system] AndroidManifest.xml:22:13-47
180            <meta-data
180-->[:expo-file-system] AndroidManifest.xml:24:13-26:70
181                android:name="android.support.FILE_PROVIDER_PATHS"
181-->[:expo-file-system] AndroidManifest.xml:25:17-67
182                android:resource="@xml/file_system_provider_paths" />
182-->[:expo-file-system] AndroidManifest.xml:26:17-67
183        </provider> <!-- https://developer.android.com/guide/topics/manifest/provider-element.html -->
184        <provider
184-->[:expo-image-picker] AndroidManifest.xml:14:9-22:20
185            android:name="expo.modules.imagepicker.ImagePickerFileProvider"
185-->[:expo-image-picker] AndroidManifest.xml:15:13-76
186            android:authorities="com.playpet.android.ImagePickerFileProvider"
186-->[:expo-image-picker] AndroidManifest.xml:16:13-75
187            android:exported="false"
187-->[:expo-image-picker] AndroidManifest.xml:17:13-37
188            android:grantUriPermissions="true" >
188-->[:expo-image-picker] AndroidManifest.xml:18:13-47
189            <meta-data
189-->[:expo-file-system] AndroidManifest.xml:24:13-26:70
190                android:name="android.support.FILE_PROVIDER_PATHS"
190-->[:expo-file-system] AndroidManifest.xml:25:17-67
191                android:resource="@xml/image_picker_provider_paths" />
191-->[:expo-file-system] AndroidManifest.xml:26:17-67
192        </provider>
193
194        <service
194-->[com.google.firebase:firebase-inappmessaging-display:19.0.7] AndroidManifest.xml:15:9-21:19
195            android:name="com.google.firebase.components.ComponentDiscoveryService"
195-->[com.google.firebase:firebase-inappmessaging-display:19.0.7] AndroidManifest.xml:16:13-84
196            android:directBootAware="true"
196-->[com.google.firebase:firebase-common:19.3.0] AndroidManifest.xml:34:13-43
197            android:exported="false" >
197-->[com.google.firebase:firebase-inappmessaging-display:19.0.7] AndroidManifest.xml:17:13-37
198            <meta-data
198-->[com.google.firebase:firebase-inappmessaging-display:19.0.7] AndroidManifest.xml:18:13-20:85
199                android:name="com.google.firebase.components:com.google.firebase.inappmessaging.display.FirebaseInAppMessagingDisplayRegistrar"
199-->[com.google.firebase:firebase-inappmessaging-display:19.0.7] AndroidManifest.xml:19:17-144
200                android:value="com.google.firebase.components.ComponentRegistrar" />
200-->[com.google.firebase:firebase-inappmessaging-display:19.0.7] AndroidManifest.xml:20:17-82
201            <meta-data
201-->[com.google.firebase:firebase-firestore:21.4.3] AndroidManifest.xml:20:13-22:85
202                android:name="com.google.firebase.components:com.google.firebase.firestore.FirestoreRegistrar"
202-->[com.google.firebase:firebase-firestore:21.4.3] AndroidManifest.xml:21:17-111
203                android:value="com.google.firebase.components.ComponentRegistrar" />
203-->[com.google.firebase:firebase-firestore:21.4.3] AndroidManifest.xml:22:17-82
204            <meta-data
204-->[com.google.firebase:firebase-inappmessaging:19.0.7] AndroidManifest.xml:17:13-19:85
205                android:name="com.google.firebase.components:com.google.firebase.inappmessaging.FirebaseInAppMessagingRegistrar"
205-->[com.google.firebase:firebase-inappmessaging:19.0.7] AndroidManifest.xml:18:17-129
206                android:value="com.google.firebase.components.ComponentRegistrar" />
206-->[com.google.firebase:firebase-inappmessaging:19.0.7] AndroidManifest.xml:19:17-82
207            <meta-data
207-->[com.google.firebase:firebase-functions:19.0.2] AndroidManifest.xml:18:13-20:85
208                android:name="com.google.firebase.components:com.google.firebase.functions.FunctionsRegistrar"
208-->[com.google.firebase:firebase-functions:19.0.2] AndroidManifest.xml:19:17-111
209                android:value="com.google.firebase.components.ComponentRegistrar" />
209-->[com.google.firebase:firebase-functions:19.0.2] AndroidManifest.xml:20:17-82
210            <meta-data
210-->[com.google.firebase:firebase-crashlytics-ndk:17.1.0] AndroidManifest.xml:35:13-37:85
211                android:name="com.google.firebase.components:com.google.firebase.crashlytics.ndk.CrashlyticsNdkRegistrar"
211-->[com.google.firebase:firebase-crashlytics-ndk:17.1.0] AndroidManifest.xml:36:17-122
212                android:value="com.google.firebase.components.ComponentRegistrar" />
212-->[com.google.firebase:firebase-crashlytics-ndk:17.1.0] AndroidManifest.xml:37:17-82
213            <meta-data
213-->[com.google.firebase:firebase-crashlytics:17.1.0] AndroidManifest.xml:16:13-18:85
214                android:name="com.google.firebase.components:com.google.firebase.crashlytics.CrashlyticsRegistrar"
214-->[com.google.firebase:firebase-crashlytics:17.1.0] AndroidManifest.xml:17:17-115
215                android:value="com.google.firebase.components.ComponentRegistrar" />
215-->[com.google.firebase:firebase-crashlytics:17.1.0] AndroidManifest.xml:18:17-82
216            <meta-data
216-->[com.google.firebase:firebase-messaging:20.2.1] AndroidManifest.xml:39:13-41:85
217                android:name="com.google.firebase.components:com.google.firebase.messaging.FirebaseMessagingRegistrar"
217-->[com.google.firebase:firebase-messaging:20.2.1] AndroidManifest.xml:40:17-119
218                android:value="com.google.firebase.components.ComponentRegistrar" />
218-->[com.google.firebase:firebase-messaging:20.2.1] AndroidManifest.xml:41:17-82
219            <meta-data
219-->[com.google.firebase:firebase-datatransport:17.0.5] AndroidManifest.xml:28:13-30:85
220                android:name="com.google.firebase.components:com.google.firebase.datatransport.TransportRegistrar"
220-->[com.google.firebase:firebase-datatransport:17.0.5] AndroidManifest.xml:29:17-115
221                android:value="com.google.firebase.components.ComponentRegistrar" />
221-->[com.google.firebase:firebase-datatransport:17.0.5] AndroidManifest.xml:30:17-82
222            <meta-data
222-->[com.google.firebase:firebase-auth:19.3.1] AndroidManifest.xml:36:13-38:85
223                android:name="com.google.firebase.components:com.google.firebase.auth.FirebaseAuthRegistrar"
223-->[com.google.firebase:firebase-auth:19.3.1] AndroidManifest.xml:37:17-109
224                android:value="com.google.firebase.components.ComponentRegistrar" />
224-->[com.google.firebase:firebase-auth:19.3.1] AndroidManifest.xml:38:17-82
225            <meta-data
225-->[com.google.firebase:firebase-storage:19.1.1] AndroidManifest.xml:33:13-35:85
226                android:name="com.google.firebase.components:com.google.firebase.storage.StorageRegistrar"
226-->[com.google.firebase:firebase-storage:19.1.1] AndroidManifest.xml:34:17-107
227                android:value="com.google.firebase.components.ComponentRegistrar" />
227-->[com.google.firebase:firebase-storage:19.1.1] AndroidManifest.xml:35:17-82
228            <meta-data
228-->[com.google.firebase:firebase-dynamic-links:19.1.0] AndroidManifest.xml:9:13-11:85
229                android:name="com.google.firebase.components:com.google.firebase.dynamiclinks.internal.FirebaseDynamicLinkRegistrar"
229-->[com.google.firebase:firebase-dynamic-links:19.1.0] AndroidManifest.xml:10:17-133
230                android:value="com.google.firebase.components.ComponentRegistrar" />
230-->[com.google.firebase:firebase-dynamic-links:19.1.0] AndroidManifest.xml:11:17-82
231            <meta-data
231-->[com.google.firebase:firebase-config:19.1.4] AndroidManifest.xml:32:13-34:85
232                android:name="com.google.firebase.components:com.google.firebase.remoteconfig.RemoteConfigRegistrar"
232-->[com.google.firebase:firebase-config:19.1.4] AndroidManifest.xml:33:17-117
233                android:value="com.google.firebase.components.ComponentRegistrar" />
233-->[com.google.firebase:firebase-config:19.1.4] AndroidManifest.xml:34:17-82
234            <meta-data
234-->[com.google.android.gms:play-services-measurement-api:17.4.3] AndroidManifest.xml:30:13-32:85
235                android:name="com.google.firebase.components:com.google.firebase.analytics.connector.internal.AnalyticsConnectorRegistrar"
235-->[com.google.android.gms:play-services-measurement-api:17.4.3] AndroidManifest.xml:31:17-139
236                android:value="com.google.firebase.components.ComponentRegistrar" />
236-->[com.google.android.gms:play-services-measurement-api:17.4.3] AndroidManifest.xml:32:17-82
237            <meta-data
237-->[com.google.firebase:firebase-iid:20.2.1] AndroidManifest.xml:32:13-34:85
238                android:name="com.google.firebase.components:com.google.firebase.iid.Registrar"
238-->[com.google.firebase:firebase-iid:20.2.1] AndroidManifest.xml:33:17-96
239                android:value="com.google.firebase.components.ComponentRegistrar" />